[debug] [2021-11-13T05:09:34.316Z] ----------------------------------------------------------------------
[debug] [2021-11-13T05:09:34.319Z] Command:       E:\Program Files\Node js\node.exe C:\Users\mahes\AppData\Roaming\npm\node_modules\firebase-tools\lib\bin\firebase.js init
[debug] [2021-11-13T05:09:34.319Z] CLI Version:   9.22.0
[debug] [2021-11-13T05:09:34.319Z] Platform:      win32
[debug] [2021-11-13T05:09:34.319Z] Node Version:  v16.13.0
[debug] [2021-11-13T05:09:34.320Z] Time:          Sat Nov 13 2021 10:39:34 GMT+0530 (India Standard Time)
[debug] [2021-11-13T05:09:34.321Z] ----------------------------------------------------------------------
[debug] 
[debug] [2021-11-13T05:09:34.377Z] > command requires scopes: ["email","openid","https://www.googleapis.com/auth/cloudplatformprojects.readonly","https://www.googleapis.com/auth/firebase","https://www.googleapis.com/auth/cloud-platform"]
[debug] [2021-11-13T05:09:34.377Z] > authorizing via signed-in user (maheshmestri73@gmail.com)
[info] 
     ######## #### ########  ######## ########     ###     ######  ########
     ##        ##  ##     ## ##       ##     ##  ##   ##  ##       ##
     ######    ##  ########  ######   ########  #########  ######  ######
     ##        ##  ##    ##  ##       ##     ## ##     ##       ## ##
     ##       #### ##     ## ######## ########  ##     ##  ######  ########

You're about to initialize a Firebase project in this directory:

  E:\study\code with harry\React js\newsmonkey

Before we get started, keep in mind:

  * You are initializing within an existing Firebase project directory

